\BOOKMARK [1][-]{section.1}{\376\377\000I\000n\000t\000r\000o\000d\000u\000c\000t\000i\000o\000n}{}% 1
\BOOKMARK [1][-]{section.2}{\376\377\000P\000r\000e\000l\000i\000m\000i\000n\000a\000r\000i\000e\000s\000:\000\040\000L\000i\000n\000e\000a\000r\000\040\000M\000i\000n\000i\000m\000i\000z\000a\000t\000i\000o\000n\000\040\000O\000r\000a\000c\000l\000e\000\040\000F\000r\000a\000m\000e\000w\000o\000r\000k}{}% 2
\BOOKMARK [1][-]{section.3}{\376\377\000B\000e\000y\000o\000n\000d\000\040\000t\000h\000e\000\040\000S\000p\000e\000c\000t\000r\000a\000l\000\040\000N\000o\000r\000m\000:\000\040\000F\000a\000n\000i\000o\000n\000s}{}% 3
\BOOKMARK [2][-]{subsection.3.1}{\376\377\000T\000h\000e\000\040\000R\000a\000n\000k\000\040\000G\000a\000p\000\040\000P\000r\000o\000b\000l\000e\000m}{section.3}% 4
\BOOKMARK [2][-]{subsection.3.2}{\376\377\000S\000o\000l\000u\000t\000i\000o\000n\000:\000\040\000D\000u\000a\000l\000s\000\040\000t\000o\000\040\000K\000y\000\040\000F\000a\000n\000\040\000N\000o\000r\000m\000s}{section.3}% 5
\BOOKMARK [1][-]{section.4}{\376\377\000C\000o\000n\000i\000c\000\040\000C\000o\000m\000b\000i\000n\000a\000t\000i\000o\000n\000\040\000o\000f\000\040\000L\000M\000O\000-\000a\000l\000g\000o\000r\000i\000t\000h\000m\000s\000\040\000i\000s\000\040\000a\000n\000\040\000L\000M\000O\000-\000a\000l\000g\000o\000r\000i\000t\000h\000m}{}% 6
\BOOKMARK [2][-]{subsection.4.1}{\376\377\000G\000e\000n\000e\000r\000a\000l\000\040\000C\000a\000s\000e}{section.4}% 7
\BOOKMARK [2][-]{subsection.4.2}{\376\377\000F\000r\000o\000b\000e\000n\000i\000u\000s\000i\000z\000e\000\040\000T\000h\000e\000m\000:\000\040\000F\000-\000M\000u\000o\000n\000\040\000a\000n\000d\000\040\000F\000-\000N\000e\000o\000n}{section.4}% 8
\BOOKMARK [2][-]{subsection.4.3}{\376\377\000A\000d\000d\000\040\000S\000i\000g\000n\000S\000G\000D\000:\000\040\000S\000-\000M\000u\000o\000n\000\040\000a\000n\000d\000\040\000S\000-\000N\000e\000o\000n}{section.4}% 9
\BOOKMARK [1][-]{section.5}{\376\377\000C\000o\000m\000p\000u\000t\000i\000n\000g\000\040\000t\000h\000e\000\040\000U\000p\000d\000a\000t\000e\000s}{}% 10
\BOOKMARK [1][-]{section.6}{\376\377\000E\000x\000p\000e\000r\000i\000m\000e\000n\000t\000s}{}% 11
\BOOKMARK [2][-]{subsection.6.1}{\376\377\000A\000\040\000s\000m\000o\000o\000t\000h\000\040\000c\000o\000n\000v\000e\000x\000\040\000p\000r\000o\000b\000l\000e\000m}{section.6}% 12
\BOOKMARK [2][-]{subsection.6.2}{\376\377\000C\000I\000F\000A\000R\000-\0001\0000\000\040\000a\000i\000r\000b\000e\000n\000c\000h}{section.6}% 13
\BOOKMARK [2][-]{subsection.6.3}{\376\377\000N\000a\000n\000o\000G\000P\000T\000\040\000S\000p\000e\000e\000d\000r\000u\000n}{section.6}% 14
\BOOKMARK [2][-]{subsection.6.4}{\376\377\000G\000P\000T\000-\0002\000\040\000M\000e\000d\000i\000u\000m\000\040\000S\000p\000e\000e\000d\000r\000u\000n}{section.6}% 15
\BOOKMARK [2][-]{subsection.6.5}{\376\377\000N\000a\000n\000o\000G\000P\000T\000\040\000F\000i\000n\000e\000-\000T\000u\000n\000i\000n\000g}{section.6}% 16
\BOOKMARK [1][-]{section.7}{\376\377\000R\000e\000l\000a\000t\000e\000d\000\040\000W\000o\000r\000k\000\040\000a\000n\000d\000\040\000D\000i\000s\000c\000u\000s\000s\000i\000o\000n}{}% 17
\BOOKMARK [2][-]{subsection.7.1}{\376\377\000A\000l\000g\000o\000r\000i\000t\000h\000m\000s\000\040\000f\000o\000r\000\040\000V\000e\000c\000t\000o\000r\000s\000\040\000\040\000A\000l\000g\000o\000r\000i\000t\000h\000m\000s\000\040\000f\000o\000r\000\040\000M\000a\000t\000r\000i\000c\000e\000s}{section.7}% 18
\BOOKMARK [2][-]{subsection.7.2}{\376\377\000T\000h\000e\000o\000r\000y\000\040\000b\000e\000h\000i\000n\000d\000\040\000M\000u\000o\000n}{section.7}% 19
\BOOKMARK [2][-]{subsection.7.3}{\376\377\000I\000m\000p\000r\000o\000v\000e\000m\000e\000n\000t\000s\000\040\000o\000f\000\040\000M\000u\000o\000n\000\040\000\040\000o\000f\000\040\000F\000a\000n\000i\000o\000n\000s\000,\000\040\000F\000-\000F\000a\000n\000i\000o\000n\000s\000,\000\040\000a\000n\000d\000\040\000S\000-\000F\000a\000n\000i\000o\000n\000s\000\040\000a\000s\000\040\000w\000e\000l\000l}{section.7}% 20
\BOOKMARK [2][-]{subsection.7.4}{\376\377\000T\000h\000e\000\040\000N\000u\000c\000l\000e\000a\000r\000\040\000N\000o\000r\000m\000\040\000i\000n\000\040\000t\000h\000e\000\040\000L\000M\000O}{section.7}% 21
\BOOKMARK [2][-]{subsection.7.5}{\376\377\000T\000h\000e\000\040\000L\000M\000O\000\040\000a\000n\000d\000\040\000E\000r\000r\000o\000r\000\040\000F\000e\000e\000d\000b\000a\000c\000k}{section.7}% 22
\BOOKMARK [2][-]{subsection.7.6}{\376\377\000A\000d\000v\000a\000n\000c\000e\000s\000\040\000o\000f\000\040\0002\0000\0002\0006}{section.7}% 23
\BOOKMARK [1][-]{section.8}{\376\377\000C\000o\000n\000c\000l\000u\000s\000i\000o\000n}{}% 24
\BOOKMARK [1][-]{section*.12}{\376\377\004\041\004\077\004\070\004\101\004\076\004\072\000\040\004\073\004\070\004\102\004\065\004\100\004\060\004\102\004\103\004\100\004\113}{}% 25
\BOOKMARK [1][-]{section*.13}{\376\377\004\037\004\100\004\070\004\073\004\076\004\066\004\065\004\075\004\070\004\065}{}% 26
\BOOKMARK [1][-]{section.9}{\376\377\000L\000M\000O\000\040\000f\000o\000r\000\040\000N\000e\000u\000r\000a\000l\000\040\000N\000e\000t\000w\000o\000r\000k\000s}{}% 27
\BOOKMARK [1][-]{section.10}{\376\377\000P\000r\000o\000o\000f\000\040\000o\000f\000\040\000L\000e\000m\000m\000a\000\040\000o\000n\000\040\000t\000h\000e\000\040\000D\000u\000a\000l\000\040\000t\000o\000\040\000C\000o\000n\000v\000e\000x\000\040\000C\000o\000m\000b\000i\000n\000a\000t\000i\000o\000n\000s}{}% 28
\BOOKMARK [1][-]{section.11}{\376\377\000N\000o\000r\000m\000s\000\040\000f\000o\000r\000\040\000F\000-\000M\000u\000o\000n\000\040\000a\000n\000d\000\040\000F\000-\000N\000e\000o\000n}{}% 29
\BOOKMARK [1][-]{section.12}{\376\377\000V\000i\000s\000u\000a\000l\000i\000z\000a\000t\000i\000o\000n\000\040\000o\000f\000\040\000D\000i\000f\000f\000e\000r\000e\000n\000t\000\040\000M\000a\000t\000r\000i\000x\000\040\000N\000o\000r\000m\000s}{}% 30
\BOOKMARK [2][-]{subsection.12.1}{\376\377\000D\000u\000a\000l\000s\000\040\000t\000o\000\040\000F\000*\000\040\000a\000n\000d\000\040\000F\0002\000\040\000N\000o\000r\000m\000s}{section.12}% 31
\BOOKMARK [2][-]{subsection.12.2}{\376\377\000A\000\040\000K\000y\000\040\000F\000a\000n\000\040\000N\000o\000r\000m\000\040\000a\000n\000d\000\040\000I\000t\000s\000\040\000D\000u\000a\000l}{section.12}% 32
\BOOKMARK [1][-]{section.13}{\376\377\000M\000o\000r\000e\000\040\000D\000e\000t\000a\000i\000l\000s\000\040\000f\000o\000r\000\040\000t\000h\000e\000\040\000S\000m\000o\000o\000t\000h\000\040\000C\000o\000n\000v\000e\000x\000\040\000P\000r\000o\000b\000l\000e\000m}{}% 33
\BOOKMARK [1][-]{section.14}{\376\377\000G\000r\000a\000d\000i\000e\000n\000t\000\040\000N\000o\000r\000m\000\040\000A\000n\000a\000l\000y\000s\000i\000s\000\040\000f\000o\000r\000\040\000C\000I\000F\000A\000R\000-\0001\0000\000\040\000E\000x\000p\000e\000r\000i\000m\000e\000n\000t\000s}{}% 34
\BOOKMARK [1][-]{section.15}{\376\377\000T\000e\000c\000h\000n\000i\000c\000a\000l\000\040\000D\000e\000t\000a\000i\000l\000s\000\040\000o\000f\000\040\000t\000h\000e\000\040\000E\000x\000p\000e\000r\000i\000m\000e\000n\000t\000s}{}% 35
